Tue, 14 Jan 2020 12:24:13 - INFO - Connect to DB
Tue, 14 Jan 2020 12:24:13 - INFO - TRIZMA DB import
Tue, 14 Jan 2020 12:24:13 - INFO - 123TV DB import
Tue, 14 Jan 2020 12:24:46 - INFO - Connect to DB
Tue, 14 Jan 2020 12:24:46 - ERROR - Exception on /records [GET]
Traceback (most recent call last):
  File "/home/python_project/hello.py", line 82, in get
    int(agent),
ValueError: invalid literal for int() with base 10: '3182caller_id=5555551234'

During handling of the above exception, another exception occurred:

Traceback (most recent call last):
  File "/usr/local/lib/python3.6/dist-packages/flask/app.py", line 1949, in full_dispatch_request
    rv = self.dispatch_request()
  File "/usr/local/lib/python3.6/dist-packages/flask/app.py", line 1935, in dispatch_request
    return self.view_functions[rule.endpoint](**req.view_args)
  File "/usr/local/lib/python3.6/dist-packages/flask_restful/__init__.py", line 458, in wrapper
    resp = resource(*args, **kwargs)
  File "/usr/local/lib/python3.6/dist-packages/flask/views.py", line 89, in view
    return self.dispatch_request(*args, **kwargs)
  File "/usr/local/lib/python3.6/dist-packages/flask_restful/__init__.py", line 573, in dispatch_request
    resp = meth(*args, **kwargs)
  File "/home/python_project/hello.py", line 98, in get
    + str(e))
UnboundLocalError: local variable 'agentUsername' referenced before assignment
Tue, 14 Jan 2020 12:25:30 - INFO - Connect to DB
Tue, 14 Jan 2020 12:25:30 - ERROR - Exception on /records [GET]
Traceback (most recent call last):
  File "/home/python_project/hello.py", line 82, in get
    int(agent),
ValueError: invalid literal for int() with base 10: '3182caller_id=5555551234'

During handling of the above exception, another exception occurred:

Traceback (most recent call last):
  File "/usr/local/lib/python3.6/dist-packages/flask/app.py", line 1949, in full_dispatch_request
    rv = self.dispatch_request()
  File "/usr/local/lib/python3.6/dist-packages/flask/app.py", line 1935, in dispatch_request
    return self.view_functions[rule.endpoint](**req.view_args)
  File "/usr/local/lib/python3.6/dist-packages/flask_restful/__init__.py", line 458, in wrapper
    resp = resource(*args, **kwargs)
  File "/usr/local/lib/python3.6/dist-packages/flask/views.py", line 89, in view
    return self.dispatch_request(*args, **kwargs)
  File "/usr/local/lib/python3.6/dist-packages/flask_restful/__init__.py", line 573, in dispatch_request
    resp = meth(*args, **kwargs)
  File "/home/python_project/hello.py", line 98, in get
    + str(e))
UnboundLocalError: local variable 'agentUsername' referenced before assignment
Tue, 14 Jan 2020 12:25:45 - INFO - Connect to DB
Tue, 14 Jan 2020 12:25:45 - INFO - TRIZMA DB import
Tue, 14 Jan 2020 12:25:45 - INFO - 123TV DB import
