Fri, 03 Jan 2020 16:28:54 - INFO - Connect to DB
Fri, 03 Jan 2020 16:28:55 - INFO - TRIZMA DB import
Fri, 03 Jan 2020 16:28:55 - INFO - 123TV DB import
Fri, 03 Jan 2020 16:29:22 - INFO - Connect to DB
Fri, 03 Jan 2020 16:29:22 - INFO - TRIZMA DB import
Fri, 03 Jan 2020 16:29:22 - INFO - 123TV DB import
Fri, 03 Jan 2020 18:06:37 - INFO - Connect to DB
Fri, 03 Jan 2020 18:06:37 - INFO - TRIZMA DB import
Fri, 03 Jan 2020 18:06:37 - INFO - 123TV DB import
Fri, 03 Jan 2020 18:14:15 - INFO - Connect to DB
Fri, 03 Jan 2020 18:14:15 - INFO - TRIZMA DB import
Fri, 03 Jan 2020 18:14:15 - INFO - 123TV DB import
Fri, 03 Jan 2020 18:41:49 - INFO - Connect to DB
Fri, 03 Jan 2020 18:41:49 - INFO - TRIZMA DB import
Fri, 03 Jan 2020 18:41:49 - INFO - 123TV DB import
Sat, 04 Jan 2020 07:06:14 - INFO - Connect to DB
Sat, 04 Jan 2020 07:06:14 - INFO - TRIZMA DB import
Sat, 04 Jan 2020 07:06:14 - INFO - Failed on TRIZMA DB import at: 2020-01-03_16-21-53, for following calling party: 4917696942581, for agent id: trz_sstankovic, with error:(pyodbc.DataError) ('22001', '[22001] [Microsoft][ODBC Driver 17 for SQL Server][SQL Server]String or binary data would be truncated. (8152) (SQLExecDirectW)')
[SQL: insert into records values('CC2Servicenummer','Belgrad','Nicht übermittelt','trz_sstankovic',                                  '4917696942581','','Nicht übermittelt','4917696942581_Saturday, January 04, 2020_8:06:07 AM')]
(Background on this error at: http://sqlalche.me/e/9h9h)
Sat, 04 Jan 2020 07:06:14 - INFO - 123TV DB import
Sat, 04 Jan 2020 07:11:35 - INFO - Connect to DB
Sat, 04 Jan 2020 07:11:35 - INFO - TRIZMA DB import
Sat, 04 Jan 2020 07:11:35 - INFO - 123TV DB import
Sat, 04 Jan 2020 07:12:00 - INFO - Connect to DB
Sat, 04 Jan 2020 07:12:00 - INFO - TRIZMA DB import
Sat, 04 Jan 2020 07:12:00 - INFO - 123TV DB import
Sat, 04 Jan 2020 07:17:10 - INFO - Connect to DB
Sat, 04 Jan 2020 07:17:10 - INFO - TRIZMA DB import
Sat, 04 Jan 2020 07:17:10 - INFO - Failed on TRIZMA DB import at: 2020-01-03_16-21-53, for following calling party: 493670161228, for agent id: trz_sstankovic, with error:(pyodbc.DataError) ('22001', '[22001] [Microsoft][ODBC Driver 17 for SQL Server][SQL Server]String or binary data would be truncated. (8152) (SQLExecDirectW)')
[SQL: insert into records values('CC2Servicenummer','Belgrad','Nicht übermittelt','trz_sstankovic',                                  '493670161228','','Nicht übermittelt','493670161228_Tuesday, December 31, 2019_11:43:51 AM')]
(Background on this error at: http://sqlalche.me/e/9h9h)
Sat, 04 Jan 2020 07:17:10 - INFO - 123TV DB import
Sat, 04 Jan 2020 07:18:14 - INFO - Connect to DB
Sat, 04 Jan 2020 07:18:14 - INFO - TRIZMA DB import
Sat, 04 Jan 2020 07:18:14 - INFO - 123TV DB import
Sat, 04 Jan 2020 07:18:20 - INFO - Connect to DB
Sat, 04 Jan 2020 07:18:20 - INFO - TRIZMA DB import
Sat, 04 Jan 2020 07:18:20 - INFO - Failed on TRIZMA DB import at: 2020-01-03_16-21-53, for following calling party: 4917655909929, for agent id: trz_sstankovic, with error:(pyodbc.DataError) ('22001', '[22001] [Microsoft][ODBC Driver 17 for SQL Server][SQL Server]String or binary data would be truncated. (8152) (SQLExecDirectW)')
[SQL: insert into records values('CC2Servicenummer','Belgrad','Nicht übermittelt','trz_sstankovic',                                  '4917655909929','','Nicht übermittelt','4917655909929_Tuesday, December 31, 2019_2:25:59 PM')]
(Background on this error at: http://sqlalche.me/e/9h9h)
Sat, 04 Jan 2020 07:18:20 - INFO - 123TV DB import
Sat, 04 Jan 2020 07:19:02 - INFO - Connect to DB
Sat, 04 Jan 2020 07:19:02 - INFO - TRIZMA DB import
Sat, 04 Jan 2020 07:19:02 - INFO - 123TV DB import
Sat, 04 Jan 2020 07:19:54 - INFO - Connect to DB
Sat, 04 Jan 2020 07:19:55 - INFO - TRIZMA DB import
Sat, 04 Jan 2020 07:19:55 - INFO - 123TV DB import
Sat, 04 Jan 2020 07:20:47 - INFO - Connect to DB
Sat, 04 Jan 2020 07:20:47 - INFO - TRIZMA DB import
Sat, 04 Jan 2020 07:20:47 - INFO - Failed on TRIZMA DB import at: 2020-01-03_16-21-53, for following calling party: 493471313899, for agent id: trz_sstankovic, with error:(pyodbc.DataError) ('22001', '[22001] [Microsoft][ODBC Driver 17 for SQL Server][SQL Server]String or binary data would be truncated. (8152) (SQLExecDirectW)')
[SQL: insert into records values('CC2Servicenummer','Belgrad','Nicht übermittelt','trz_sstankovic',                                  '493471313899','','Nicht übermittelt','493471313899_Thursday, January 02, 2020_10:36:07 AM')]
(Background on this error at: http://sqlalche.me/e/9h9h)
Sat, 04 Jan 2020 07:20:47 - INFO - 123TV DB import
Sat, 04 Jan 2020 07:22:04 - INFO - Connect to DB
Sat, 04 Jan 2020 07:22:04 - INFO - TRIZMA DB import
Sat, 04 Jan 2020 07:22:04 - INFO - Failed on TRIZMA DB import at: 2020-01-03_16-21-53, for following calling party: 4980313044396, for agent id: trz_sstankovic, with error:(pyodbc.DataError) ('22001', '[22001] [Microsoft][ODBC Driver 17 for SQL Server][SQL Server]String or binary data would be truncated. (8152) (SQLExecDirectW)')
[SQL: insert into records values('CC2Servicenummer','Belgrad','Nicht übermittelt','trz_sstankovic',                                  '4980313044396','','Nicht übermittelt','4980313044396_Thursday, January 02, 2020_3:41:17 PM')]
(Background on this error at: http://sqlalche.me/e/9h9h)
Sat, 04 Jan 2020 07:22:04 - INFO - 123TV DB import
Sat, 04 Jan 2020 07:22:52 - INFO - Connect to DB
Sat, 04 Jan 2020 07:22:52 - INFO - TRIZMA DB import
Sat, 04 Jan 2020 07:22:52 - INFO - 123TV DB import
Sat, 04 Jan 2020 07:23:04 - INFO - Connect to DB
Sat, 04 Jan 2020 07:23:04 - INFO - TRIZMA DB import
Sat, 04 Jan 2020 07:23:04 - INFO - 123TV DB import
Sat, 04 Jan 2020 07:23:41 - INFO - Connect to DB
Sat, 04 Jan 2020 07:23:41 - INFO - TRIZMA DB import
Sat, 04 Jan 2020 07:23:41 - INFO - 123TV DB import
Sat, 04 Jan 2020 07:24:13 - INFO - Connect to DB
Sat, 04 Jan 2020 07:24:13 - INFO - TRIZMA DB import
Sat, 04 Jan 2020 07:24:13 - INFO - 123TV DB import
Sat, 04 Jan 2020 07:24:18 - INFO - Connect to DB
Sat, 04 Jan 2020 07:24:18 - INFO - TRIZMA DB import
Sat, 04 Jan 2020 07:24:18 - INFO - 123TV DB import
Sat, 04 Jan 2020 07:26:29 - INFO - Connect to DB
Sat, 04 Jan 2020 07:26:29 - INFO - TRIZMA DB import
Sat, 04 Jan 2020 07:26:29 - INFO - 123TV DB import
Sat, 04 Jan 2020 07:28:11 - INFO - Connect to DB
Sat, 04 Jan 2020 07:28:11 - ERROR - Exception on /records [GET]
Traceback (most recent call last):
  File "/home/python_project/hello.py", line 80, in get
    int(agent),
ValueError: invalid literal for int() with base 10: ''

During handling of the above exception, another exception occurred:

Traceback (most recent call last):
  File "/usr/local/lib/python3.6/dist-packages/flask/app.py", line 1949, in full_dispatch_request
    rv = self.dispatch_request()
  File "/usr/local/lib/python3.6/dist-packages/flask/app.py", line 1935, in dispatch_request
    return self.view_functions[rule.endpoint](**req.view_args)
  File "/usr/local/lib/python3.6/dist-packages/flask_restful/__init__.py", line 458, in wrapper
    resp = resource(*args, **kwargs)
  File "/usr/local/lib/python3.6/dist-packages/flask/views.py", line 89, in view
    return self.dispatch_request(*args, **kwargs)
  File "/usr/local/lib/python3.6/dist-packages/flask_restful/__init__.py", line 573, in dispatch_request
    resp = meth(*args, **kwargs)
  File "/home/python_project/hello.py", line 90, in get
    + str(e))
UnboundLocalError: local variable 'agentUsername' referenced before assignment
Sat, 04 Jan 2020 07:32:21 - INFO - Connect to DB
Sat, 04 Jan 2020 07:32:21 - INFO - TRIZMA DB import
Sat, 04 Jan 2020 07:32:21 - INFO - 123TV DB import
Sat, 04 Jan 2020 07:40:04 - INFO - Connect to DB
Sat, 04 Jan 2020 07:40:04 - INFO - TRIZMA DB import
Sat, 04 Jan 2020 07:40:04 - INFO - 123TV DB import
Sat, 04 Jan 2020 07:53:22 - INFO - Connect to DB
Sat, 04 Jan 2020 07:53:22 - INFO - TRIZMA DB import
Sat, 04 Jan 2020 07:53:22 - INFO - 123TV DB import
Sat, 04 Jan 2020 07:53:28 - INFO - Connect to DB
Sat, 04 Jan 2020 07:53:28 - INFO - TRIZMA DB import
Sat, 04 Jan 2020 07:53:28 - INFO - 123TV DB import
Sat, 04 Jan 2020 07:53:51 - INFO - Connect to DB
Sat, 04 Jan 2020 07:53:51 - INFO - TRIZMA DB import
Sat, 04 Jan 2020 07:53:51 - INFO - 123TV DB import
Sat, 04 Jan 2020 07:54:43 - INFO - Connect to DB
Sat, 04 Jan 2020 07:54:43 - INFO - TRIZMA DB import
Sat, 04 Jan 2020 07:54:43 - INFO - 123TV DB import
Sat, 04 Jan 2020 07:54:49 - INFO - Connect to DB
Sat, 04 Jan 2020 07:54:49 - INFO - TRIZMA DB import
Sat, 04 Jan 2020 07:54:49 - INFO - 123TV DB import
Sat, 04 Jan 2020 07:55:11 - INFO - Connect to DB
Sat, 04 Jan 2020 07:55:11 - INFO - TRIZMA DB import
Sat, 04 Jan 2020 07:55:11 - INFO - 123TV DB import
Sat, 04 Jan 2020 07:55:33 - INFO - Connect to DB
Sat, 04 Jan 2020 07:55:33 - INFO - TRIZMA DB import
Sat, 04 Jan 2020 07:55:33 - INFO - 123TV DB import
Sat, 04 Jan 2020 07:55:38 - INFO - Connect to DB
Sat, 04 Jan 2020 07:55:38 - INFO - TRIZMA DB import
Sat, 04 Jan 2020 07:55:38 - INFO - 123TV DB import
Sat, 04 Jan 2020 08:00:49 - INFO - Connect to DB
Sat, 04 Jan 2020 08:00:49 - INFO - TRIZMA DB import
Sat, 04 Jan 2020 08:00:49 - INFO - 123TV DB import
Sat, 04 Jan 2020 08:00:55 - INFO - Connect to DB
Sat, 04 Jan 2020 08:00:55 - INFO - TRIZMA DB import
Sat, 04 Jan 2020 08:00:55 - INFO - 123TV DB import
Sat, 04 Jan 2020 08:01:57 - INFO - Connect to DB
Sat, 04 Jan 2020 08:01:57 - INFO - TRIZMA DB import
Sat, 04 Jan 2020 08:01:58 - INFO - 123TV DB import
Sat, 04 Jan 2020 08:02:27 - INFO - Connect to DB
Sat, 04 Jan 2020 08:02:27 - INFO - TRIZMA DB import
Sat, 04 Jan 2020 08:02:27 - INFO - 123TV DB import
Sat, 04 Jan 2020 08:06:11 - INFO - Connect to DB
Sat, 04 Jan 2020 08:06:11 - INFO - TRIZMA DB import
Sat, 04 Jan 2020 08:06:11 - INFO - 123TV DB import
Sat, 04 Jan 2020 08:08:08 - INFO - Connect to DB
Sat, 04 Jan 2020 08:08:08 - INFO - TRIZMA DB import
Sat, 04 Jan 2020 08:08:08 - INFO - 123TV DB import
Sat, 04 Jan 2020 08:08:54 - INFO - Connect to DB
Sat, 04 Jan 2020 08:08:54 - INFO - TRIZMA DB import
Sat, 04 Jan 2020 08:08:54 - INFO - 123TV DB import
Sat, 04 Jan 2020 08:09:06 - INFO - Connect to DB
Sat, 04 Jan 2020 08:09:06 - INFO - TRIZMA DB import
Sat, 04 Jan 2020 08:09:06 - INFO - 123TV DB import
Sat, 04 Jan 2020 08:14:21 - INFO - Connect to DB
Sat, 04 Jan 2020 08:14:21 - INFO - TRIZMA DB import
Sat, 04 Jan 2020 08:14:21 - INFO - 123TV DB import
Sat, 04 Jan 2020 08:15:48 - INFO - Connect to DB
Sat, 04 Jan 2020 08:15:48 - INFO - TRIZMA DB import
Sat, 04 Jan 2020 08:15:48 - INFO - 123TV DB import
Sat, 04 Jan 2020 08:16:30 - INFO - Connect to DB
Sat, 04 Jan 2020 08:16:30 - INFO - TRIZMA DB import
Sat, 04 Jan 2020 08:16:30 - INFO - 123TV DB import
Sat, 04 Jan 2020 08:21:35 - INFO - Connect to DB
Sat, 04 Jan 2020 08:21:36 - INFO - TRIZMA DB import
Sat, 04 Jan 2020 08:21:36 - INFO - 123TV DB import
Sat, 04 Jan 2020 08:21:42 - INFO - Connect to DB
Sat, 04 Jan 2020 08:21:42 - INFO - TRIZMA DB import
Sat, 04 Jan 2020 08:21:42 - INFO - 123TV DB import
Sat, 04 Jan 2020 08:21:47 - INFO - Connect to DB
Sat, 04 Jan 2020 08:21:47 - INFO - TRIZMA DB import
Sat, 04 Jan 2020 08:21:48 - INFO - 123TV DB import
Sat, 04 Jan 2020 08:22:10 - INFO - Connect to DB
Sat, 04 Jan 2020 08:22:10 - INFO - TRIZMA DB import
Sat, 04 Jan 2020 08:22:11 - INFO - 123TV DB import
Sat, 04 Jan 2020 08:22:16 - INFO - Connect to DB
Sat, 04 Jan 2020 08:22:16 - INFO - TRIZMA DB import
Sat, 04 Jan 2020 08:22:16 - INFO - 123TV DB import
Sat, 04 Jan 2020 08:22:39 - INFO - Connect to DB
Sat, 04 Jan 2020 08:22:39 - INFO - TRIZMA DB import
Sat, 04 Jan 2020 08:22:39 - INFO - 123TV DB import
Sat, 04 Jan 2020 08:22:45 - INFO - Connect to DB
Sat, 04 Jan 2020 08:22:45 - INFO - TRIZMA DB import
Sat, 04 Jan 2020 08:22:45 - INFO - 123TV DB import
Sat, 04 Jan 2020 08:22:50 - INFO - Connect to DB
Sat, 04 Jan 2020 08:22:50 - INFO - TRIZMA DB import
Sat, 04 Jan 2020 08:22:50 - INFO - 123TV DB import
Sat, 04 Jan 2020 08:23:20 - INFO - Connect to DB
Sat, 04 Jan 2020 08:23:20 - INFO - TRIZMA DB import
Sat, 04 Jan 2020 08:23:21 - INFO - 123TV DB import
Sat, 04 Jan 2020 08:24:16 - INFO - Connect to DB
Sat, 04 Jan 2020 08:24:16 - INFO - TRIZMA DB import
Sat, 04 Jan 2020 08:24:16 - INFO - 123TV DB import
