Sat, 21 Dec 2019 07:26:06 - INFO - Connect to DB
Sat, 21 Dec 2019 07:26:06 - INFO - TRIZMA DB import
Sat, 21 Dec 2019 07:26:06 - INFO - 123TV DB import
Sat, 21 Dec 2019 08:29:57 - INFO - Connect to DB
Sat, 21 Dec 2019 08:29:57 - INFO - TRIZMA DB import
Sat, 21 Dec 2019 08:29:57 - INFO - 123TV DB import
Sat, 21 Dec 2019 08:45:10 - INFO - Connect to DB
Sat, 21 Dec 2019 08:45:10 - INFO - TRIZMA DB import
Sat, 21 Dec 2019 08:45:10 - INFO - 123TV DB import
Sat, 21 Dec 2019 09:00:04 - INFO - Connect to DB
Sat, 21 Dec 2019 09:00:04 - ERROR - Exception on /records [GET]
Traceback (most recent call last):
  File "/home/python_project/hello.py", line 80, in get
    int(agent),
ValueError: invalid literal for int() with base 10: ''

During handling of the above exception, another exception occurred:

Traceback (most recent call last):
  File "/usr/local/lib/python3.6/dist-packages/flask/app.py", line 1949, in full_dispatch_request
    rv = self.dispatch_request()
  File "/usr/local/lib/python3.6/dist-packages/flask/app.py", line 1935, in dispatch_request
    return self.view_functions[rule.endpoint](**req.view_args)
  File "/usr/local/lib/python3.6/dist-packages/flask_restful/__init__.py", line 458, in wrapper
    resp = resource(*args, **kwargs)
  File "/usr/local/lib/python3.6/dist-packages/flask/views.py", line 89, in view
    return self.dispatch_request(*args, **kwargs)
  File "/usr/local/lib/python3.6/dist-packages/flask_restful/__init__.py", line 573, in dispatch_request
    resp = meth(*args, **kwargs)
  File "/home/python_project/hello.py", line 90, in get
    + str(e))
UnboundLocalError: local variable 'agentUsername' referenced before assignment
Sat, 21 Dec 2019 09:00:37 - INFO - Connect to DB
Sat, 21 Dec 2019 09:00:37 - ERROR - Exception on /records [GET]
Traceback (most recent call last):
  File "/home/python_project/hello.py", line 81, in get
    1)).fetchone()[0]
TypeError: 'NoneType' object is not subscriptable

During handling of the above exception, another exception occurred:

Traceback (most recent call last):
  File "/usr/local/lib/python3.6/dist-packages/flask/app.py", line 1949, in full_dispatch_request
    rv = self.dispatch_request()
  File "/usr/local/lib/python3.6/dist-packages/flask/app.py", line 1935, in dispatch_request
    return self.view_functions[rule.endpoint](**req.view_args)
  File "/usr/local/lib/python3.6/dist-packages/flask_restful/__init__.py", line 458, in wrapper
    resp = resource(*args, **kwargs)
  File "/usr/local/lib/python3.6/dist-packages/flask/views.py", line 89, in view
    return self.dispatch_request(*args, **kwargs)
  File "/usr/local/lib/python3.6/dist-packages/flask_restful/__init__.py", line 573, in dispatch_request
    resp = meth(*args, **kwargs)
  File "/home/python_project/hello.py", line 90, in get
    + str(e))
UnboundLocalError: local variable 'agentUsername' referenced before assignment
Sat, 21 Dec 2019 09:06:15 - INFO - Connect to DB
Sat, 21 Dec 2019 09:06:15 - ERROR - Exception on /records [GET]
Traceback (most recent call last):
  File "/home/python_project/hello.py", line 81, in get
    1)).fetchone()[0]
TypeError: 'NoneType' object is not subscriptable

During handling of the above exception, another exception occurred:

Traceback (most recent call last):
  File "/usr/local/lib/python3.6/dist-packages/flask/app.py", line 1949, in full_dispatch_request
    rv = self.dispatch_request()
  File "/usr/local/lib/python3.6/dist-packages/flask/app.py", line 1935, in dispatch_request
    return self.view_functions[rule.endpoint](**req.view_args)
  File "/usr/local/lib/python3.6/dist-packages/flask_restful/__init__.py", line 458, in wrapper
    resp = resource(*args, **kwargs)
  File "/usr/local/lib/python3.6/dist-packages/flask/views.py", line 89, in view
    return self.dispatch_request(*args, **kwargs)
  File "/usr/local/lib/python3.6/dist-packages/flask_restful/__init__.py", line 573, in dispatch_request
    resp = meth(*args, **kwargs)
  File "/home/python_project/hello.py", line 90, in get
    + str(e))
UnboundLocalError: local variable 'agentUsername' referenced before assignment
Sat, 21 Dec 2019 09:46:04 - INFO - Connect to DB
Sat, 21 Dec 2019 09:46:04 - INFO - TRIZMA DB import
Sat, 21 Dec 2019 09:46:04 - INFO - Failed on TRIZMA DB import at: 2019-12-21_07-19-39, for following calling party: 491722810905, for agent id: trz_ppetkovic, with error:(pyodbc.DataError) ('22001', '[22001] [Microsoft][ODBC Driver 17 for SQL Server][SQL Server]String or binary data would be truncated. (8152) (SQLExecDirectW)')
[SQL: insert into records values('CC2Servicenummer','Belgrad','Nicht übermittelt','trz_ppetkovic',                                  '491722810905','','Nicht übermittelt','491722810905_Saturday, December 21, 2019_10:45:52 AM')]
(Background on this error at: http://sqlalche.me/e/9h9h)
Sat, 21 Dec 2019 09:46:04 - INFO - 123TV DB import
Sat, 21 Dec 2019 09:57:27 - INFO - Connect to DB
Sat, 21 Dec 2019 09:57:27 - INFO - TRIZMA DB import
Sat, 21 Dec 2019 09:57:27 - INFO - 123TV DB import
Sat, 21 Dec 2019 11:01:41 - INFO - Connect to DB
Sat, 21 Dec 2019 11:01:41 - INFO - TRIZMA DB import
Sat, 21 Dec 2019 11:01:41 - INFO - Failed on TRIZMA DB import at: 2019-12-21_07-19-39, for following calling party: 4986319882088, for agent id: trz_tjurjevic, with error:(pyodbc.DataError) ('22001', '[22001] [Microsoft][ODBC Driver 17 for SQL Server][SQL Server]String or binary data would be truncated. (8152) (SQLExecDirectW)')
[SQL: insert into records values('CC2Servicenummer','Belgrad','Nicht übermittelt','trz_tjurjevic',                                  '4986319882088','','Nicht übermittelt','4986319882088_Saturday, December 21, 2019_12:01:39 PM')]
(Background on this error at: http://sqlalche.me/e/9h9h)
Sat, 21 Dec 2019 11:01:41 - INFO - 123TV DB import
Sat, 21 Dec 2019 11:28:50 - INFO - Connect to DB
Sat, 21 Dec 2019 11:28:50 - INFO - TRIZMA DB import
Sat, 21 Dec 2019 11:28:50 - INFO - 123TV DB import
Sat, 21 Dec 2019 11:34:56 - INFO - Connect to DB
Sat, 21 Dec 2019 11:34:56 - INFO - TRIZMA DB import
Sat, 21 Dec 2019 11:34:56 - INFO - Failed on TRIZMA DB import at: 2019-12-21_07-19-39, for following calling party: 493420678460, for agent id: trz_sstankovic, with error:(pyodbc.DataError) ('22001', '[22001] [Microsoft][ODBC Driver 17 for SQL Server][SQL Server]String or binary data would be truncated. (8152) (SQLExecDirectW)')
[SQL: insert into records values('CC2Servicenummer','Belgrad','Nicht übermittelt','trz_sstankovic',                                  '493420678460','','Nicht übermittelt','493420678460_Thursday, November 28, 2019_5:53:39 PM')]
(Background on this error at: http://sqlalche.me/e/9h9h)
Sat, 21 Dec 2019 11:34:56 - INFO - 123TV DB import
Sat, 21 Dec 2019 11:35:36 - INFO - Connect to DB
Sat, 21 Dec 2019 11:35:36 - INFO - TRIZMA DB import
Sat, 21 Dec 2019 11:35:36 - INFO - Failed on TRIZMA DB import at: 2019-12-21_07-19-39, for following calling party: 493496552437, for agent id: trz_sstankovic, with error:(pyodbc.DataError) ('22001', '[22001] [Microsoft][ODBC Driver 17 for SQL Server][SQL Server]String or binary data would be truncated. (8152) (SQLExecDirectW)')
[SQL: insert into records values('CC2Servicenummer','Belgrad','Nicht übermittelt','trz_sstankovic',                                  '493496552437','','Nicht übermittelt','493496552437_Wednesday, December 11, 2019_6:50:57 PM')]
(Background on this error at: http://sqlalche.me/e/9h9h)
Sat, 21 Dec 2019 11:35:36 - INFO - 123TV DB import
Sat, 21 Dec 2019 11:41:18 - INFO - Connect to DB
Sat, 21 Dec 2019 11:41:19 - INFO - TRIZMA DB import
Sat, 21 Dec 2019 11:41:19 - INFO - Failed on TRIZMA DB import at: 2019-12-21_07-19-39, for following calling party: 4928319102206, for agent id: trz_sstankovic, with error:(pyodbc.DataError) ('22001', '[22001] [Microsoft][ODBC Driver 17 for SQL Server][SQL Server]String or binary data would be truncated. (8152) (SQLExecDirectW)')
[SQL: insert into records values('CC2Servicenummer','Belgrad','Nicht übermittelt','trz_sstankovic',                                  '4928319102206','','Nicht übermittelt','4928319102206_Wednesday, December 11, 2019_7:07:53 PM')]
(Background on this error at: http://sqlalche.me/e/9h9h)
Sat, 21 Dec 2019 11:41:19 - INFO - 123TV DB import
